This is pdfTeX, Version 3.141592653-2.6-1.40.25 (MiKTeX 24.1) (preloaded format=pdflatex 2025.9.24)  31 OCT 2025 11:08
entering extended mode
 restricted \write18 enabled.
 file:line:error style messages enabled.
 %&-line parsing enabled.
**"c:/Users/vidal/OneDrive/Documentos/13 - CLONEGIT/artigo_5_diego/artigo_5_catuxe/QUARTO-TEMPLATE/index.tex"
(c:/Users/vidal/OneDrive/Documentos/13 - CLONEGIT/artigo_5_diego/artigo_5_catuxe/QUARTO-TEMPLATE/index.tex
LaTeX2e <2023-11-01> patch level 1
L3 programming layer <2024-01-04>
(C:\Users\vidal\AppData\Local\Programs\MiKTeX\tex/latex/base\article.cls
Document Class: article 2023/05/17 v1.4n Standard LaTeX document class
(C:\Users\vidal\AppData\Local\Programs\MiKTeX\tex/latex/base\size10.clo
File: size10.clo 2023/05/17 v1.4n Standard LaTeX file (size option)
)
\c@part=\count187
\c@section=\count188
\c@subsection=\count189
\c@subsubsection=\count190
\c@paragraph=\count191
\c@subparagraph=\count192
\c@figure=\count193
\c@table=\count194
\abovecaptionskip=\skip48
\belowcaptionskip=\skip49
\bibindent=\dimen140
) (C:\Users\vidal\AppData\Local\Programs\MiKTeX\tex/latex/xcolor\xcolor.sty
Package: xcolor 2023/11/15 v3.01 LaTeX color extensions (UK)
 (C:\Users\vidal\AppData\Local\Programs\MiKTeX\tex/latex/graphics-cfg\color.cfg
File: color.cfg 2016/01/02 v1.6 sample color configuration
)
Package xcolor Info: Driver file: pdftex.def on input line 274.
 (C:\Users\vidal\AppData\Local\Programs\MiKTeX\tex/latex/graphics-def\pdftex.def
File: pdftex.def 2022/09/22 v1.2b Graphics/color driver for pdftex
) (C:\Users\vidal\AppData\Local\Programs\MiKTeX\tex/latex/graphics\mathcolor.ltx)
Package xcolor Info: Model `cmy' substituted by `cmy0' on input line 1350.
Package xcolor Info: Model `hsb' substituted by `rgb' on input line 1354.
Package xcolor Info: Model `RGB' extended on input line 1366.
Package xcolor Info: Model `HTML' substituted by `rgb' on input line 1368.
Package xcolor Info: Model `Hsb' substituted by `hsb' on input line 1369.
Package xcolor Info: Model `tHsb' substituted by `hsb' on input line 1370.
Package xcolor Info: Model `HSB' substituted by `hsb' on input line 1371.
Package xcolor Info: Model `Gray' substituted by `gray' on input line 1372.
Package xcolor Info: Model `wave' substituted by `hsb' on input line 1373.
) (C:\Users\vidal\AppData\Local\Programs\MiKTeX\tex/latex/graphics\dvipsnam.def
File: dvipsnam.def 2016/06/17 v3.0m Driver-dependent file (DPC,SPQR)
) (C:\Users\vidal\AppData\Local\Programs\MiKTeX\tex/latex/xcolor\svgnam.def
File: svgnam.def 2023/11/15 v3.01 Predefined colors according to SVG 1.1 (UK)
) (C:\Users\vidal\AppData\Local\Programs\MiKTeX\tex/latex/xcolor\x11nam.def
File: x11nam.def 2023/11/15 v3.01 Predefined colors according to Unix/X11 (UK)
) (C:\Users\vidal\AppData\Local\Programs\MiKTeX\tex/latex/geometry\geometry.sty
Package: geometry 2020/01/02 v5.9 Page Geometry
 (C:\Users\vidal\AppData\Local\Programs\MiKTeX\tex/latex/graphics\keyval.sty
Package: keyval 2022/05/29 v1.15 key=value parser (DPC)
\KV@toks@=\toks17
) (C:\Users\vidal\AppData\Local\Programs\MiKTeX\tex/generic/iftex\ifvtex.sty
Package: ifvtex 2019/10/25 v1.7 ifvtex legacy package. Use iftex instead.
 (C:\Users\vidal\AppData\Local\Programs\MiKTeX\tex/generic/iftex\iftex.sty
Package: iftex 2022/02/03 v1.0f TeX engine tests
))
\Gm@cnth=\count195
\Gm@cntv=\count196
\c@Gm@tempcnt=\count197
\Gm@bindingoffset=\dimen141
\Gm@wd@mp=\dimen142
\Gm@odd@mp=\dimen143
\Gm@even@mp=\dimen144
\Gm@layoutwidth=\dimen145
\Gm@layoutheight=\dimen146
\Gm@layouthoffset=\dimen147
\Gm@layoutvoffset=\dimen148
\Gm@dimlist=\toks18
 (C:\Users\vidal\AppData\Local\Programs\MiKTeX\tex/latex/geometry\geometry.cfg)) (C:\Users\vidal\AppData\Local\Programs\MiKTeX\tex/latex/amsmath\amsmath.sty
Package: amsmath 2023/05/13 v2.17o AMS math features
\@mathmargin=\skip50

For additional information on amsmath, use the `?' option.
(C:\Users\vidal\AppData\Local\Programs\MiKTeX\tex/latex/amsmath\amstext.sty
Package: amstext 2021/08/26 v2.01 AMS text
 (C:\Users\vidal\AppData\Local\Programs\MiKTeX\tex/latex/amsmath\amsgen.sty
File: amsgen.sty 1999/11/30 v2.0 generic functions
\@emptytoks=\toks19
\ex@=\dimen149
)) (C:\Users\vidal\AppData\Local\Programs\MiKTeX\tex/latex/amsmath\amsbsy.sty
Package: amsbsy 1999/11/29 v1.2d Bold Symbols
\pmbraise@=\dimen150
) (C:\Users\vidal\AppData\Local\Programs\MiKTeX\tex/latex/amsmath\amsopn.sty
Package: amsopn 2022/04/08 v2.04 operator names
)
\inf@bad=\count198
LaTeX Info: Redefining \frac on input line 234.
\uproot@=\count199
\leftroot@=\count266
LaTeX Info: Redefining \overline on input line 399.
LaTeX Info: Redefining \colon on input line 410.
\classnum@=\count267
\DOTSCASE@=\count268
LaTeX Info: Redefining \ldots on input line 496.
LaTeX Info: Redefining \dots on input line 499.
LaTeX Info: Redefining \cdots on input line 620.
\Mathstrutbox@=\box51
\strutbox@=\box52
LaTeX Info: Redefining \big on input line 722.
LaTeX Info: Redefining \Big on input line 723.
LaTeX Info: Redefining \bigg on input line 724.
LaTeX Info: Redefining \Bigg on input line 725.
\big@size=\dimen151
LaTeX Font Info:    Redeclaring font encoding OML on input line 743.
LaTeX Font Info:    Redeclaring font encoding OMS on input line 744.
\macc@depth=\count269
LaTeX Info: Redefining \bmod on input line 905.
LaTeX Info: Redefining \pmod on input line 910.
LaTeX Info: Redefining \smash on input line 940.
LaTeX Info: Redefining \relbar on input line 970.
LaTeX Info: Redefining \Relbar on input line 971.
\c@MaxMatrixCols=\count270
\dotsspace@=\muskip16
\c@parentequation=\count271
\dspbrk@lvl=\count272
\tag@help=\toks20
\row@=\count273
\column@=\count274
\maxfields@=\count275
\andhelp@=\toks21
\eqnshift@=\dimen152
\alignsep@=\dimen153
\tagshift@=\dimen154
\tagwidth@=\dimen155
\totwidth@=\dimen156
\lineht@=\dimen157
\@envbody=\toks22
\multlinegap=\skip51
\multlinetaggap=\skip52
\mathdisplay@stack=\toks23
LaTeX Info: Redefining \[ on input line 2953.
LaTeX Info: Redefining \] on input line 2954.
) (C:\Users\vidal\AppData\Local\Programs\MiKTeX\tex/latex/amsfonts\amssymb.sty
Package: amssymb 2013/01/14 v3.01 AMS font symbols
 (C:\Users\vidal\AppData\Local\Programs\MiKTeX\tex/latex/amsfonts\amsfonts.sty
Package: amsfonts 2013/01/14 v3.01 Basic AMSFonts support
\symAMSa=\mathgroup4
\symAMSb=\mathgroup5
LaTeX Font Info:    Redeclaring math symbol \hbar on input line 98.
LaTeX Font Info:    Overwriting math alphabet `\mathfrak' in version `bold'
(Font)                  U/euf/m/n --> U/euf/b/n on input line 106.
)) (C:\Users\vidal\AppData\Local\Programs\MiKTeX\tex/latex/base\fontenc.sty
Package: fontenc 2021/04/29 v2.0v Standard LaTeX package
) (C:\Users\vidal\AppData\Local\Programs\MiKTeX\tex/latex/base\inputenc.sty
Package: inputenc 2021/02/14 v1.3d Input encoding file
\inpenc@prehook=\toks24
\inpenc@posthook=\toks25
) (C:\Users\vidal\AppData\Local\Programs\MiKTeX\tex/latex/base\textcomp.sty
Package: textcomp 2020/02/02 v2.0n Standard LaTeX package
) (C:\Users\vidal\AppData\Local\Programs\MiKTeX\tex/latex/lm\lmodern.sty
Package: lmodern 2015/05/01 v1.6.1 Latin Modern Fonts
LaTeX Font Info:    Overwriting symbol font `operators' in version `normal'
(Font)                  OT1/cmr/m/n --> OT1/lmr/m/n on input line 22.
LaTeX Font Info:    Overwriting symbol font `letters' in version `normal'
(Font)                  OML/cmm/m/it --> OML/lmm/m/it on input line 23.
LaTeX Font Info:    Overwriting symbol font `symbols' in version `normal'
(Font)                  OMS/cmsy/m/n --> OMS/lmsy/m/n on input line 24.
LaTeX Font Info:    Overwriting symbol font `largesymbols' in version `normal'
(Font)                  OMX/cmex/m/n --> OMX/lmex/m/n on input line 25.
LaTeX Font Info:    Overwriting symbol font `operators' in version `bold'
(Font)                  OT1/cmr/bx/n --> OT1/lmr/bx/n on input line 26.
LaTeX Font Info:    Overwriting symbol font `letters' in version `bold'
(Font)                  OML/cmm/b/it --> OML/lmm/b/it on input line 27.
LaTeX Font Info:    Overwriting symbol font `symbols' in version `bold'
(Font)                  OMS/cmsy/b/n --> OMS/lmsy/b/n on input line 28.
LaTeX Font Info:    Overwriting symbol font `largesymbols' in version `bold'
(Font)                  OMX/cmex/m/n --> OMX/lmex/m/n on input line 29.
LaTeX Font Info:    Overwriting math alphabet `\mathbf' in version `normal'
(Font)                  OT1/cmr/bx/n --> OT1/lmr/bx/n on input line 31.
LaTeX Font Info:    Overwriting math alphabet `\mathsf' in version `normal'
(Font)                  OT1/cmss/m/n --> OT1/lmss/m/n on input line 32.
LaTeX Font Info:    Overwriting math alphabet `\mathit' in version `normal'
(Font)                  OT1/cmr/m/it --> OT1/lmr/m/it on input line 33.
LaTeX Font Info:    Overwriting math alphabet `\mathtt' in version `normal'
(Font)                  OT1/cmtt/m/n --> OT1/lmtt/m/n on input line 34.
LaTeX Font Info:    Overwriting math alphabet `\mathbf' in version `bold'
(Font)                  OT1/cmr/bx/n --> OT1/lmr/bx/n on input line 35.
LaTeX Font Info:    Overwriting math alphabet `\mathsf' in version `bold'
(Font)                  OT1/cmss/bx/n --> OT1/lmss/bx/n on input line 36.
LaTeX Font Info:    Overwriting math alphabet `\mathit' in version `bold'
(Font)                  OT1/cmr/bx/it --> OT1/lmr/bx/it on input line 37.
LaTeX Font Info:    Overwriting math alphabet `\mathtt' in version `bold'
(Font)                  OT1/cmtt/m/n --> OT1/lmtt/m/n on input line 38.
) (C:\Users\vidal\AppData\Local\Programs\MiKTeX\tex/latex/upquote\upquote.sty
Package: upquote 2012/04/19 v1.3 upright-quote and grave-accent glyphs in verbatim
) (C:\Users\vidal\AppData\Local\Programs\MiKTeX\tex/latex/microtype\microtype.sty
Package: microtype 2025/07/09 v3.2b Micro-typographical refinements (RS)
 (C:\Users\vidal\AppData\Local\Programs\MiKTeX\tex/latex/etoolbox\etoolbox.sty
Package: etoolbox 2020/10/05 v2.5k e-TeX tools for LaTeX (JAW)
\etb@tempcnta=\count276
)
\MT@toks=\toks26
\MT@tempbox=\box53
\MT@count=\count277
LaTeX Info: Redefining \noprotrusionifhmode on input line 1087.
LaTeX Info: Redefining \leftprotrusion on input line 1088.
\MT@prot@toks=\toks27
LaTeX Info: Redefining \rightprotrusion on input line 1107.
LaTeX Info: Redefining \textls on input line 1449.
\MT@outer@kern=\dimen158
LaTeX Info: Redefining \microtypecontext on input line 2053.
LaTeX Info: Redefining \textmicrotypecontext on input line 2070.
\MT@listname@count=\count278
 (C:\Users\vidal\AppData\Local\Programs\MiKTeX\tex/latex/microtype\microtype-pdftex.def
File: microtype-pdftex.def 2025/07/09 v3.2b Definitions specific to pdftex (RS)
LaTeX Info: Redefining \lsstyle on input line 944.
LaTeX Info: Redefining \lslig on input line 944.
\MT@outer@space=\skip53
)
Package microtype Info: Loading configuration file microtype.cfg.
 (C:\Users\vidal\AppData\Local\Programs\MiKTeX\tex/latex/microtype\microtype.cfg
File: microtype.cfg 2025/07/09 v3.2b microtype main configuration file (RS)
)
LaTeX Info: Redefining \microtypesetup on input line 3065.
) (C:\Users\vidal\AppData\Local\Programs\MiKTeX\tex/latex/parskip\parskip.sty
Package: parskip 2021-03-14 v2.0h non-zero parskip adjustments
 (C:\Users\vidal\AppData\Local\Programs\MiKTeX\tex/latex/kvoptions\kvoptions.sty
Package: kvoptions 2022-06-15 v3.15 Key value format for package options (HO)
 (C:\Users\vidal\AppData\Local\Programs\MiKTeX\tex/generic/ltxcmds\ltxcmds.sty
Package: ltxcmds 2023-12-04 v1.26 LaTeX kernel commands for general use (HO)
) (C:\Users\vidal\AppData\Local\Programs\MiKTeX\tex/latex/kvsetkeys\kvsetkeys.sty
Package: kvsetkeys 2022-10-05 v1.19 Key value parser (HO)
))) (C:\Users\vidal\AppData\Local\Programs\MiKTeX\tex/latex/fancyvrb\fancyvrb.sty
Package: fancyvrb 2025/07/28 4.6 verbatim text (tvz,hv)
\FV@CodeLineNo=\count279
\FV@InFile=\read2
\FV@TabBox=\box54
\c@FancyVerbLine=\count280
\FV@StepNumber=\count281
\FV@OutFile=\write3
) (C:\Users\vidal\AppData\Local\Programs\MiKTeX\tex/latex/framed\framed.sty
Package: framed 2011/10/22 v 0.96: framed or shaded text with page breaks
\OuterFrameSep=\skip54
\fb@frw=\dimen159
\fb@frh=\dimen160
\FrameRule=\dimen161
\FrameSep=\dimen162
) (C:\Users\vidal\AppData\Local\Programs\MiKTeX\tex/latex/tools\longtable.sty
Package: longtable 2023-11-01 v4.19 Multi-page Table package (DPC)
\LTleft=\skip55
\LTright=\skip56
\LTpre=\skip57
\LTpost=\skip58
\LTchunksize=\count282
\LTcapwidth=\dimen163
\LT@head=\box55
\LT@firsthead=\box56
\LT@foot=\box57
\LT@lastfoot=\box58
\LT@gbox=\box59
\LT@cols=\count283
\LT@rows=\count284
\c@LT@tables=\count285
\c@LT@chunks=\count286
\LT@p@ftn=\toks28
) (C:\Users\vidal\AppData\Local\Programs\MiKTeX\tex/latex/booktabs\booktabs.sty
Package: booktabs 2020/01/12 v1.61803398 Publication quality tables
\heavyrulewidth=\dimen164
\lightrulewidth=\dimen165
\cmidrulewidth=\dimen166
\belowrulesep=\dimen167
\belowbottomsep=\dimen168
\aboverulesep=\dimen169
\abovetopsep=\dimen170
\cmidrulesep=\dimen171
\cmidrulekern=\dimen172
\defaultaddspace=\dimen173
\@cmidla=\count287
\@cmidlb=\count288
\@aboverulesep=\dimen174
\@belowrulesep=\dimen175
\@thisruleclass=\count289
\@lastruleclass=\count290
\@thisrulewidth=\dimen176
) (C:\Users\vidal\AppData\Local\Programs\MiKTeX\tex/latex/tools\array.sty
Package: array 2023/10/16 v2.5g Tabular extension package (FMi)
\col@sep=\dimen177
\ar@mcellbox=\box60
\extrarowheight=\dimen178
\NC@list=\toks29
\extratabsurround=\skip59
\backup@length=\skip60
\ar@cellbox=\box61
) (C:\Users\vidal\AppData\Local\Programs\MiKTeX\tex/latex/tools\calc.sty
Package: calc 2023/07/08 v4.3 Infix arithmetic (KKT,FJ)
\calc@Acount=\count291
\calc@Bcount=\count292
\calc@Adimen=\dimen179
\calc@Bdimen=\dimen180
\calc@Askip=\skip61
\calc@Bskip=\skip62
LaTeX Info: Redefining \setlength on input line 80.
LaTeX Info: Redefining \addtolength on input line 81.
\calc@Ccount=\count293
\calc@Cskip=\skip63
) (C:\Users\vidal\AppData\Local\Programs\MiKTeX\tex/latex/footnotehyper\footnotehyper.sty
Package: footnotehyper 2021/08/13 v1.1e hyperref aware footnote.sty (JFB)
\FNH@notes=\box62
\FNH@width=\dimen181
\FNH@toks=\toks30
) (C:\Users\vidal\AppData\Local\Programs\MiKTeX\tex/latex/graphics\graphicx.sty
Package: graphicx 2021/09/16 v1.2d Enhanced LaTeX Graphics (DPC,SPQR)
 (C:\Users\vidal\AppData\Local\Programs\MiKTeX\tex/latex/graphics\graphics.sty
Package: graphics 2022/03/10 v1.4e Standard LaTeX Graphics (DPC,SPQR)
 (C:\Users\vidal\AppData\Local\Programs\MiKTeX\tex/latex/graphics\trig.sty
Package: trig 2021/08/11 v1.11 sin cos tan (DPC)
) (C:\Users\vidal\AppData\Local\Programs\MiKTeX\tex/latex/graphics-cfg\graphics.cfg
File: graphics.cfg 2016/06/04 v1.11 sample graphics configuration
)
Package graphics Info: Driver file: pdftex.def on input line 107.
)
\Gin@req@height=\dimen182
\Gin@req@width=\dimen183
)
\pandoc@box=\box63
\cslhangindent=\skip64
\csllabelwidth=\skip65
 (C:\Users\vidal\AppData\Local\Programs\MiKTeX\tex/latex/bookmark\bookmark.sty
Package: bookmark 2023-12-10 v1.31 PDF bookmarks (HO)
 (C:\Users\vidal\AppData\Local\Programs\MiKTeX\tex/latex/hyperref\hyperref.sty
Package: hyperref 2023-11-26 v7.01g Hypertext links for LaTeX
 (C:\Users\vidal\AppData\Local\Programs\MiKTeX\tex/generic/infwarerr\infwarerr.sty
Package: infwarerr 2019/12/03 v1.5 Providing info/warning/error messages (HO)
) (C:\Users\vidal\AppData\Local\Programs\MiKTeX\tex/generic/kvdefinekeys\kvdefinekeys.sty
Package: kvdefinekeys 2019-12-19 v1.6 Define keys (HO)
) (C:\Users\vidal\AppData\Local\Programs\MiKTeX\tex/generic/pdfescape\pdfescape.sty
Package: pdfescape 2019/12/09 v1.15 Implements pdfTeX's escape features (HO)
 (C:\Users\vidal\AppData\Local\Programs\MiKTeX\tex/generic/pdftexcmds\pdftexcmds.sty
Package: pdftexcmds 2020-06-27 v0.33 Utility functions of pdfTeX for LuaTeX (HO)
Package pdftexcmds Info: \pdf@primitive is available.
Package pdftexcmds Info: \pdf@ifprimitive is available.
Package pdftexcmds Info: \pdfdraftmode found.
)) (C:\Users\vidal\AppData\Local\Programs\MiKTeX\tex/latex/hycolor\hycolor.sty
Package: hycolor 2020-01-27 v1.10 Color options for hyperref/bookmark (HO)
) (C:\Users\vidal\AppData\Local\Programs\MiKTeX\tex/latex/letltxmacro\letltxmacro.sty
Package: letltxmacro 2019/12/03 v1.6 Let assignment for LaTeX macros (HO)
) (C:\Users\vidal\AppData\Local\Programs\MiKTeX\tex/latex/auxhook\auxhook.sty
Package: auxhook 2019-12-17 v1.6 Hooks for auxiliary files (HO)
) (C:\Users\vidal\AppData\Local\Programs\MiKTeX\tex/latex/hyperref\nameref.sty
Package: nameref 2023-11-26 v2.56 Cross-referencing by name of section
 (C:\Users\vidal\AppData\Local\Programs\MiKTeX\tex/latex/refcount\refcount.sty
Package: refcount 2019/12/15 v3.6 Data extraction from label references (HO)
) (C:\Users\vidal\AppData\Local\Programs\MiKTeX\tex/generic/gettitlestring\gettitlestring.sty
Package: gettitlestring 2019/12/15 v1.6 Cleanup title references (HO)
)
\c@section@level=\count294
)
\@linkdim=\dimen184
\Hy@linkcounter=\count295
\Hy@pagecounter=\count296
 (C:\Users\vidal\AppData\Local\Programs\MiKTeX\tex/latex/hyperref\pd1enc.def
File: pd1enc.def 2023-11-26 v7.01g Hyperref: PDFDocEncoding definition (HO)
Now handling font encoding PD1 ...
... no UTF-8 mapping file for font encoding PD1
) (C:\Users\vidal\AppData\Local\Programs\MiKTeX\tex/generic/intcalc\intcalc.sty
Package: intcalc 2019/12/15 v1.3 Expandable calculations with integers (HO)
)
\Hy@SavedSpaceFactor=\count297
 (C:\Users\vidal\AppData\Local\Programs\MiKTeX\tex/latex/hyperref\puenc.def
File: puenc.def 2023-11-26 v7.01g Hyperref: PDF Unicode definition (HO)
Now handling font encoding PU ...
... no UTF-8 mapping file for font encoding PU
)
Package hyperref Info: Option `unicode' set `true' on input line 4064.
Package hyperref Info: Hyper figures OFF on input line 4181.
Package hyperref Info: Link nesting OFF on input line 4186.
Package hyperref Info: Hyper index ON on input line 4189.
Package hyperref Info: Plain pages OFF on input line 4196.
Package hyperref Info: Backreferencing OFF on input line 4201.
Package hyperref Info: Implicit mode ON; LaTeX internals redefined.
Package hyperref Info: Bookmarks ON on input line 4448.
\c@Hy@tempcnt=\count298
 (C:\Users\vidal\AppData\Local\Programs\MiKTeX\tex/latex/url\url.sty
\Urlmuskip=\muskip17
Package: url 2013/09/16  ver 3.4  Verb mode for urls, etc.
)
LaTeX Info: Redefining \url on input line 4786.
\XeTeXLinkMargin=\dimen185
 (C:\Users\vidal\AppData\Local\Programs\MiKTeX\tex/generic/bitset\bitset.sty
Package: bitset 2019/12/09 v1.3 Handle bit-vector datatype (HO)
 (C:\Users\vidal\AppData\Local\Programs\MiKTeX\tex/generic/bigintcalc\bigintcalc.sty
Package: bigintcalc 2019/12/15 v1.5 Expandable calculations on big integers (HO)
))
\Fld@menulength=\count299
\Field@Width=\dimen186
\Fld@charsize=\dimen187
Package hyperref Info: Hyper figures OFF on input line 6065.
Package hyperref Info: Link nesting OFF on input line 6070.
Package hyperref Info: Hyper index ON on input line 6073.
Package hyperref Info: backreferencing OFF on input line 6080.
Package hyperref Info: Link coloring OFF on input line 6085.
Package hyperref Info: Link coloring with OCG OFF on input line 6090.
Package hyperref Info: PDF/A mode OFF on input line 6095.
 (C:\Users\vidal\AppData\Local\Programs\MiKTeX\tex/latex/base\atbegshi-ltx.sty
Package: atbegshi-ltx 2021/01/10 v1.0c Emulation of the original atbegshi
package with kernel methods
)
\Hy@abspage=\count300
\c@Item=\count301
\c@Hfootnote=\count302
)
Package hyperref Info: Driver (autodetected): hpdftex.
 (C:\Users\vidal\AppData\Local\Programs\MiKTeX\tex/latex/hyperref\hpdftex.def
File: hpdftex.def 2023-11-26 v7.01g Hyperref driver for pdfTeX
 (C:\Users\vidal\AppData\Local\Programs\MiKTeX\tex/latex/base\atveryend-ltx.sty
Package: atveryend-ltx 2020/08/19 v1.0a Emulation of the original atveryend package
with kernel methods
)
\Fld@listcount=\count303
\c@bookmark@seq@number=\count304
 (C:\Users\vidal\AppData\Local\Programs\MiKTeX\tex/latex/rerunfilecheck\rerunfilecheck.sty
Package: rerunfilecheck 2025-06-21 v1.11 Rerun checks for auxiliary files (HO)
 (C:\Users\vidal\AppData\Local\Programs\MiKTeX\tex/generic/uniquecounter\uniquecounter.sty
Package: uniquecounter 2019/12/15 v1.4 Provide unlimited unique counter (HO)
)
Package uniquecounter Info: New unique counter `rerunfilecheck' on input line 284.
)
\Hy@SectionHShift=\skip66
) (C:\Users\vidal\AppData\Local\Programs\MiKTeX\tex/latex/bookmark\bkm-pdftex.def
File: bkm-pdftex.def 2023-12-10 v1.31 bookmark driver for pdfTeX and luaTeX (HO)
\BKM@id=\count305
)) (C:\Users\vidal\AppData\Local\Programs\MiKTeX\tex/latex/caption\caption.sty
Package: caption 2023/08/05 v3.6o Customizing captions (AR)
 (C:\Users\vidal\AppData\Local\Programs\MiKTeX\tex/latex/caption\caption3.sty
Package: caption3 2023/07/31 v2.4d caption3 kernel (AR)
\caption@tempdima=\dimen188
\captionmargin=\dimen189
\caption@leftmargin=\dimen190
\caption@rightmargin=\dimen191
\caption@width=\dimen192
\caption@indent=\dimen193
\caption@parindent=\dimen194
\caption@hangindent=\dimen195
Package caption Info: Standard document class detected.
)
\c@caption@flags=\count306
\c@continuedfloat=\count307
Package caption Info: hyperref package is loaded.
Package caption Info: longtable package is loaded.
 (C:\Users\vidal\AppData\Local\Programs\MiKTeX\tex/latex/caption\ltcaption.sty
Package: ltcaption 2021/01/08 v1.4c longtable captions (AR)
)) (C:\Users\vidal\AppData\Local\Programs\MiKTeX\tex/latex/float\float.sty
Package: float 2001/11/08 v1.3d Float enhancements (AL)
\c@float@type=\count308
\float@exts=\toks31
\float@box=\box64
\@float@everytoks=\toks32
\@floatcapt=\box65
)
\@float@every@codelisting=\toks33
\c@codelisting=\count309
 (C:\Users\vidal\AppData\Local\Programs\MiKTeX\tex/latex/caption\subcaption.sty
Package: subcaption 2023/07/28 v1.6b Sub-captions (AR)
Package caption Info: New subtype `subfigure' on input line 238.
\c@subfigure=\count310
Package caption Info: New subtype `subtable' on input line 238.
\c@subtable=\count311
) (C:\Users\vidal\AppData\Local\Programs\MiKTeX\tex/latex/xurl\xurl.sty
Package: xurl 2022/01/09 v 0.10 modify URL breaks
)
Package hyperref Info: Option `colorlinks' set `true' on input line 237.
LaTeX Font Info:    Trying to load font information for T1+lmr on input line 244.
 (C:\Users\vidal\AppData\Local\Programs\MiKTeX\tex/latex/lm\t1lmr.fd
File: t1lmr.fd 2015/05/01 v1.6.1 Font defs for Latin Modern
) (C:\Users\vidal\AppData\Local\Programs\MiKTeX\tex/latex/l3backend\l3backend-pdftex.def
File: l3backend-pdftex.def 2024-01-04 L3 backend support: PDF output (pdfTeX)
\l__color_backend_stack_int=\count312
\l__pdf_internal_box=\box66
) (index.aux)
\openout1 = `index.aux'.

LaTeX Font Info:    Checking defaults for OML/cmm/m/it on input line 244.
LaTeX Font Info:    ... okay on input line 244.
LaTeX Font Info:    Checking defaults for OMS/cmsy/m/n on input line 244.
LaTeX Font Info:    ... okay on input line 244.
LaTeX Font Info:    Checking defaults for OT1/cmr/m/n on input line 244.
LaTeX Font Info:    ... okay on input line 244.
LaTeX Font Info:    Checking defaults for T1/cmr/m/n on input line 244.
LaTeX Font Info:    ... okay on input line 244.
LaTeX Font Info:    Checking defaults for TS1/cmr/m/n on input line 244.
LaTeX Font Info:    ... okay on input line 244.
LaTeX Font Info:    Checking defaults for OMX/cmex/m/n on input line 244.
LaTeX Font Info:    ... okay on input line 244.
LaTeX Font Info:    Checking defaults for U/cmr/m/n on input line 244.
LaTeX Font Info:    ... okay on input line 244.
LaTeX Font Info:    Checking defaults for PD1/pdf/m/n on input line 244.
LaTeX Font Info:    ... okay on input line 244.
LaTeX Font Info:    Checking defaults for PU/pdf/m/n on input line 244.
LaTeX Font Info:    ... okay on input line 244.
 (C:\Users\vidal\AppData\Local\Programs\MiKTeX\tex/context/base/mkii\supp-pdf.mkii
[Loading MPS to PDF converter (version 2006.09.02).]
\scratchcounter=\count313
\scratchdimen=\dimen196
\scratchbox=\box67
\nofMPsegments=\count314
\nofMParguments=\count315
\everyMPshowfont=\toks34
\MPscratchCnt=\count316
\MPscratchDim=\dimen197
\MPnumerator=\count317
\makeMPintoPDFobject=\count318
\everyMPtoPDFconversion=\toks35
) (C:\Users\vidal\AppData\Local\Programs\MiKTeX\tex/latex/epstopdf-pkg\epstopdf-base.sty
Package: epstopdf-base 2020-01-24 v2.11 Base part for package epstopdf
Package epstopdf-base Info: Redefining graphics rule for `.eps' on input line 485.
 (C:\Users\vidal\AppData\Local\Programs\MiKTeX\tex/latex/00miktex\epstopdf-sys.cfg
File: epstopdf-sys.cfg 2021/03/18 v2.0 Configuration of epstopdf for MiKTeX
))
*geometry* driver: auto-detecting
*geometry* detected driver: pdftex
*geometry* verbose mode - [ preamble ] result:
* driver: pdftex
* paper: letterpaper
* layout: <same size as paper>
* layoutoffset:(h,v)=(0.0pt,0.0pt)
* modes: 
* h-part:(L,W,R)=(71.13188pt, 472.03123pt, 71.13188pt)
* v-part:(T,H,B)=(71.13188pt, 652.70622pt, 71.13188pt)
* \paperwidth=614.295pt
* \paperheight=794.96999pt
* \textwidth=472.03123pt
* \textheight=652.70622pt
* \oddsidemargin=-1.1381pt
* \evensidemargin=-1.1381pt
* \topmargin=-38.1381pt
* \headheight=12.0pt
* \headsep=25.0pt
* \topskip=10.0pt
* \footskip=30.0pt
* \marginparwidth=65.0pt
* \marginparsep=11.0pt
* \columnsep=10.0pt
* \skip\footins=9.0pt plus 4.0pt minus 2.0pt
* \hoffset=0.0pt
* \voffset=0.0pt
* \mag=1000
* \@twocolumnfalse
* \@twosidefalse
* \@mparswitchfalse
* \@reversemarginfalse
* (1in=72.27pt=25.4mm, 1cm=28.453pt)

LaTeX Info: Redefining \microtypecontext on input line 244.
Package microtype Info: Applying patch `item' on input line 244.
Package microtype Info: Applying patch `toc' on input line 244.
Package microtype Info: Applying patch `eqnum' on input line 244.
Package microtype Info: Applying patch `footnote' on input line 244.
Package microtype Info: Applying patch `verbatim' on input line 244.
LaTeX Info: Redefining \microtypesetup on input line 244.
Package microtype Info: Generating PDF output.
Package microtype Info: Character protrusion enabled (level 2).
Package microtype Info: Using protrusion set `basicmath'.
Package microtype Info: Automatic font expansion enabled (level 2),
(microtype)             stretch: 20, shrink: 20, step: 1, non-selected.
Package microtype Info: Using default expansion set `alltext-nott'.
Package microtype Info: Patching command `\showhyphens'.
Package microtype Info: No adjustment of tracking.
Package microtype Info: No adjustment of interword spacing.
Package microtype Info: No adjustment of character kerning.
(C:\Users\vidal\AppData\Local\Programs\MiKTeX\tex/latex/microtype\mt-cmr.cfg
File: mt-cmr.cfg 2013/05/19 v2.2 microtype config. file: Computer Modern Roman (RS)
)
Package hyperref Info: Link coloring ON on input line 244.
Package caption Info: Begin \AtBeginDocument code.
Package caption Info: float package is loaded.
Package caption Info: End \AtBeginDocument code.
LaTeX Font Info:    Trying to load font information for OT1+lmr on input line 246.
 (C:\Users\vidal\AppData\Local\Programs\MiKTeX\tex/latex/lm\ot1lmr.fd
File: ot1lmr.fd 2015/05/01 v1.6.1 Font defs for Latin Modern
)
LaTeX Font Info:    Trying to load font information for OML+lmm on input line 246.
 (C:\Users\vidal\AppData\Local\Programs\MiKTeX\tex/latex/lm\omllmm.fd
File: omllmm.fd 2015/05/01 v1.6.1 Font defs for Latin Modern
)
LaTeX Font Info:    Trying to load font information for OMS+lmsy on input line 246.
 (C:\Users\vidal\AppData\Local\Programs\MiKTeX\tex/latex/lm\omslmsy.fd
File: omslmsy.fd 2015/05/01 v1.6.1 Font defs for Latin Modern
)
LaTeX Font Info:    Trying to load font information for OMX+lmex on input line 246.
 (C:\Users\vidal\AppData\Local\Programs\MiKTeX\tex/latex/lm\omxlmex.fd
File: omxlmex.fd 2015/05/01 v1.6.1 Font defs for Latin Modern
)
LaTeX Font Info:    External font `lmex10' loaded for size
(Font)              <12> on input line 246.
LaTeX Font Info:    External font `lmex10' loaded for size
(Font)              <8> on input line 246.
LaTeX Font Info:    External font `lmex10' loaded for size
(Font)              <6> on input line 246.
LaTeX Font Info:    Trying to load font information for U+msa on input line 246.
 (C:\Users\vidal\AppData\Local\Programs\MiKTeX\tex/latex/amsfonts\umsa.fd
File: umsa.fd 2013/01/14 v3.01 AMS symbols A
) (C:\Users\vidal\AppData\Local\Programs\MiKTeX\tex/latex/microtype\mt-msa.cfg
File: mt-msa.cfg 2006/02/04 v1.1 microtype config. file: AMS symbols (a) (RS)
)
LaTeX Font Info:    Trying to load font information for U+msb on input line 246.
 (C:\Users\vidal\AppData\Local\Programs\MiKTeX\tex/latex/amsfonts\umsb.fd
File: umsb.fd 2013/01/14 v3.01 AMS symbols B
) (C:\Users\vidal\AppData\Local\Programs\MiKTeX\tex/latex/microtype\mt-msb.cfg
File: mt-msb.cfg 2005/06/01 v1.0 microtype config. file: AMS symbols (b) (RS)
)
No file index.toc.
\tf@toc=\write4
\openout4 = `index.toc'.

c:/Users/vidal/OneDrive/Documentos/13 - CLONEGIT/artigo_5_diego/artigo_5_catuxe/QUARTO-TEMPLATE/index.tex:256: Undefined control sequence.
l.256 \chapter
              *{Resumo}\label{resumo}
The control sequence at the end of the top line
of your error message was never \def'ed. If you have
misspelled it (e.g., `\hobx'), type `I' and the correct
spelling (e.g., `I\hbox'). Otherwise just continue,
and I'll forget about whatever was undefined.


c:/Users/vidal/OneDrive/Documentos/13 - CLONEGIT/artigo_5_diego/artigo_5_catuxe/QUARTO-TEMPLATE/index.tex:280: LaTeX Error: Unicode character β (U+03B2)
               not set up for use with LaTeX.

See the LaTeX manual or LaTeX Companion for explanation.
Type  H <return>  for immediate help.
 ...                                              
                                                  
l.280 estoques totais (β
                          = 1,286), ao passo que as frações lábeis exibiram
You may provide a definition with
\DeclareUnicodeCharacter 


c:/Users/vidal/OneDrive/Documentos/13 - CLONEGIT/artigo_5_diego/artigo_5_catuxe/QUARTO-TEMPLATE/index.tex:281: LaTeX Error: Unicode character β (U+03B2)
               not set up for use with LaTeX.

See the LaTeX manual or LaTeX Companion for explanation.
Type  H <return>  for immediate help.
 ...                                              
                                                  
l.281 coeficientes negativos moderados (β
                                           = −0,313). O PLS-SEM indicou aj...
You may provide a definition with
\DeclareUnicodeCharacter 


c:/Users/vidal/OneDrive/Documentos/13 - CLONEGIT/artigo_5_diego/artigo_5_catuxe/QUARTO-TEMPLATE/index.tex:281: LaTeX Error: Unicode character − (U+2212)
               not set up for use with LaTeX.

See the LaTeX manual or LaTeX Companion for explanation.
Type  H <return>  for immediate help.
 ...                                              
                                                  
l.281 coeficientes negativos moderados (β = −
                                                0,313). O PLS-SEM indicou aj...
You may provide a definition with
\DeclareUnicodeCharacter 

LaTeX Font Info:    Trying to load font information for TS1+lmr on input line 282.
(C:\Users\vidal\AppData\Local\Programs\MiKTeX\tex/latex/lm\ts1lmr.fd
File: ts1lmr.fd 2015/05/01 v1.6.1 Font defs for Latin Modern
)

c:/Users/vidal/OneDrive/Documentos/13 - CLONEGIT/artigo_5_diego/artigo_5_catuxe/QUARTO-TEMPLATE/index.tex:288: LaTeX Error: Unicode character − (U+2212)
               not set up for use with LaTeX.

See the LaTeX manual or LaTeX Companion for explanation.
Type  H <return>  for immediate help.
 ...                                              
                                                  
l.288 −
         0,424; p \textless{} 0,001), confirmando-se como fator limitante
You may provide a definition with
\DeclareUnicodeCharacter 

LaTeX Font Info:    Trying to load font information for T1+lmtt on input line 312.
(C:\Users\vidal\AppData\Local\Programs\MiKTeX\tex/latex/lm\t1lmtt.fd
File: t1lmtt.fd 2015/05/01 v1.6.1 Font defs for Latin Modern
) [1

{C:/Users/vidal/AppData/Local/MiKTeX/fonts/map/pdftex/pdftex.map}{C:/Users/vidal/AppData/Local/Programs/MiKTeX/fonts/enc/dvips/lm/lm-ec.enc}{C:/Users/vidal/AppData/Local/Programs/MiKTeX/fonts/enc/dvips/lm/lm-ts1.enc}]

c:/Users/vidal/OneDrive/Documentos/13 - CLONEGIT/artigo_5_diego/artigo_5_catuxe/QUARTO-TEMPLATE/index.tex:361: LaTeX Error: Unicode character ≥ (U+2265)
               not set up for use with LaTeX.

See the LaTeX manual or LaTeX Companion for explanation.
Type  H <return>  for immediate help.
 ...                                              
                                                  
l.361   \href{https://quarto.org/}{Quarto} ≥
                                               1.4
You may provide a definition with
\DeclareUnicodeCharacter 


c:/Users/vidal/OneDrive/Documentos/13 - CLONEGIT/artigo_5_diego/artigo_5_catuxe/QUARTO-TEMPLATE/index.tex:363: LaTeX Error: Unicode character ≥ (U+2265)
               not set up for use with LaTeX.

See the LaTeX manual or LaTeX Companion for explanation.
Type  H <return>  for immediate help.
 ...                                              
                                                  
l.363   \href{https://www.r-project.org/}{R} ≥
                                                 4.0
You may provide a definition with
\DeclareUnicodeCharacter 

c:/Users/vidal/OneDrive/Documentos/13 - CLONEGIT/artigo_5_diego/artigo_5_catuxe/QUARTO-TEMPLATE/index.tex:391: Undefined control sequence.
l.391 \chapter
              {Introdução}\label{introduuxe7uxe3o}
The control sequence at the end of the top line
of your error message was never \def'ed. If you have
misspelled it (e.g., `\hobx'), type `I' and the correct
spelling (e.g., `I\hbox'). Otherwise just continue,
and I'll forget about whatever was undefined.


c:/Users/vidal/OneDrive/Documentos/13 - CLONEGIT/artigo_5_diego/artigo_5_catuxe/QUARTO-TEMPLATE/index.tex:429: LaTeX Error: Unicode character ₄ (U+2084)
               not set up for use with LaTeX.

See the LaTeX manual or LaTeX Companion for explanation.
Type  H <return>  for immediate help.
 ...                                              
                                                  
l.429 competitiva de formas inorgânicas (NH₄
                                               ⁺, NO₃⁻, H₂PO₄⁻) ...
You may provide a definition with
\DeclareUnicodeCharacter 


c:/Users/vidal/OneDrive/Documentos/13 - CLONEGIT/artigo_5_diego/artigo_5_catuxe/QUARTO-TEMPLATE/index.tex:429: LaTeX Error: Unicode character ⁺ (U+207A)
               not set up for use with LaTeX.

See the LaTeX manual or LaTeX Companion for explanation.
Type  H <return>  for immediate help.
 ...                                              
                                                  
l.429 competitiva de formas inorgânicas (NH₄⁺
                                                  , NO₃⁻, H₂PO₄⁻) ...
You may provide a definition with
\DeclareUnicodeCharacter 


c:/Users/vidal/OneDrive/Documentos/13 - CLONEGIT/artigo_5_diego/artigo_5_catuxe/QUARTO-TEMPLATE/index.tex:429: LaTeX Error: Unicode character ₃ (U+2083)
               not set up for use with LaTeX.

See the LaTeX manual or LaTeX Companion for explanation.
Type  H <return>  for immediate help.
 ...                                              
                                                  
l.429 ...a de formas inorgânicas (NH₄⁺, NO₃
                                                  ⁻, H₂PO₄⁻) e orgâ...
You may provide a definition with
\DeclareUnicodeCharacter 


c:/Users/vidal/OneDrive/Documentos/13 - CLONEGIT/artigo_5_diego/artigo_5_catuxe/QUARTO-TEMPLATE/index.tex:429: LaTeX Error: Unicode character ⁻ (U+207B)
               not set up for use with LaTeX.

See the LaTeX manual or LaTeX Companion for explanation.
Type  H <return>  for immediate help.
 ...                                              
                                                  
l.429 ...e formas inorgânicas (NH₄⁺, NO₃⁻
                                                  , H₂PO₄⁻) e orgânicas
You may provide a definition with
\DeclareUnicodeCharacter 


c:/Users/vidal/OneDrive/Documentos/13 - CLONEGIT/artigo_5_diego/artigo_5_catuxe/QUARTO-TEMPLATE/index.tex:429: LaTeX Error: Unicode character ₂ (U+2082)
               not set up for use with LaTeX.

See the LaTeX manual or LaTeX Companion for explanation.
Type  H <return>  for immediate help.
 ...                                              
                                                  
l.429 ...as inorgânicas (NH₄⁺, NO₃⁻, H₂
                                                  PO₄⁻) e orgânicas
You may provide a definition with
\DeclareUnicodeCharacter 


c:/Users/vidal/OneDrive/Documentos/13 - CLONEGIT/artigo_5_diego/artigo_5_catuxe/QUARTO-TEMPLATE/index.tex:429: LaTeX Error: Unicode character ₄ (U+2084)
               not set up for use with LaTeX.

See the LaTeX manual or LaTeX Companion for explanation.
Type  H <return>  for immediate help.
 ...                                              
                                                  
l.429 ...orgânicas (NH₄⁺, NO₃⁻, H₂PO₄
                                                  ⁻) e orgânicas
You may provide a definition with
\DeclareUnicodeCharacter 


c:/Users/vidal/OneDrive/Documentos/13 - CLONEGIT/artigo_5_diego/artigo_5_catuxe/QUARTO-TEMPLATE/index.tex:429: LaTeX Error: Unicode character ⁻ (U+207B)
               not set up for use with LaTeX.

See the LaTeX manual or LaTeX Companion for explanation.
Type  H <return>  for immediate help.
 ...                                              
                                                  
l.429 ...ânicas (NH₄⁺, NO₃⁻, H₂PO₄⁻
                                                  ) e orgânicas
You may provide a definition with
\DeclareUnicodeCharacter 


c:/Users/vidal/OneDrive/Documentos/13 - CLONEGIT/artigo_5_diego/artigo_5_catuxe/QUARTO-TEMPLATE/index.tex:434: LaTeX Error: Unicode character ⁺ (U+207A)
               not set up for use with LaTeX.

See the LaTeX manual or LaTeX Companion for explanation.
Type  H <return>  for immediate help.
 ...                                              
                                                  
l.434 húmicas, cátions polivalentes (Ca²⁺
                                              , Fe³⁺, Al³⁺) e ânions ...
You may provide a definition with
\DeclareUnicodeCharacter 


c:/Users/vidal/OneDrive/Documentos/13 - CLONEGIT/artigo_5_diego/artigo_5_catuxe/QUARTO-TEMPLATE/index.tex:434: LaTeX Error: Unicode character ⁺ (U+207A)
               not set up for use with LaTeX.

See the LaTeX manual or LaTeX Companion for explanation.
Type  H <return>  for immediate help.
 ...                                              
                                                  
l.434 ..., cátions polivalentes (Ca²⁺, Fe³⁺
                                                  , Al³⁺) e ânions nutri...
You may provide a definition with
\DeclareUnicodeCharacter 


c:/Users/vidal/OneDrive/Documentos/13 - CLONEGIT/artigo_5_diego/artigo_5_catuxe/QUARTO-TEMPLATE/index.tex:434: LaTeX Error: Unicode character ⁺ (U+207A)
               not set up for use with LaTeX.

See the LaTeX manual or LaTeX Companion for explanation.
Type  H <return>  for immediate help.
 ...                                              
                                                  
l.434 ...s polivalentes (Ca²⁺, Fe³⁺, Al³⁺
                                                  ) e ânions nutricionais
You may provide a definition with
\DeclareUnicodeCharacter 

[2]
c:/Users/vidal/OneDrive/Documentos/13 - CLONEGIT/artigo_5_diego/artigo_5_catuxe/QUARTO-TEMPLATE/index.tex:496: Undefined control sequence.
l.496 \chapter
              {Metodologia}\label{metodologia}
The control sequence at the end of the top line
of your error message was never \def'ed. If you have
misspelled it (e.g., `\hobx'), type `I' and the correct
spelling (e.g., `I\hbox'). Otherwise just continue,
and I'll forget about whatever was undefined.

<chapters/../figures/mapa_area.png, id=27, 359.4228pt x 249.0906pt>
File: chapters/../figures/mapa_area.png Graphic file (type png)
<use chapters/../figures/mapa_area.png>
Package pdftex.def Info: chapters/../figures/mapa_area.png  used on input line 506.
(pdftex.def)             Requested size: 330.43167pt x 228.99889pt.
[3]
<chapters/../figures/cerrado.jpg, id=34, 140.9265pt x 142.8975pt>
File: chapters/../figures/cerrado.jpg Graphic file (type jpg)
<use chapters/../figures/cerrado.jpg>
Package pdftex.def Info: chapters/../figures/cerrado.jpg  used on input line 561.
(pdftex.def)             Requested size: 52.26456pt x 52.99553pt.
<chapters/../figures/eucalipto.jpg, id=35, 2091.815pt x 2092.81876pt>
File: chapters/../figures/eucalipto.jpg Graphic file (type jpg)
<use chapters/../figures/eucalipto.jpg>
Package pdftex.def Info: chapters/../figures/eucalipto.jpg  used on input line 563.
(pdftex.def)             Requested size: 52.25055pt x 52.27562pt.
<chapters/../figures/mogno.jpg, id=36, 136.3275pt x 145.197pt>
File: chapters/../figures/mogno.jpg Graphic file (type jpg)
<use chapters/../figures/mogno.jpg>
Package pdftex.def Info: chapters/../figures/mogno.jpg  used on input line 565.
(pdftex.def)             Requested size: 52.2647pt x 55.66505pt.
<chapters/../figures/teca.jpg, id=37, 2091.815pt x 2092.81876pt>
File: chapters/../figures/teca.jpg Graphic file (type jpg)
<use chapters/../figures/teca.jpg>
Package pdftex.def Info: chapters/../figures/teca.jpg  used on input line 567.
(pdftex.def)             Requested size: 52.25055pt x 52.27562pt.
<chapters/../figures/agricultura.jpg, id=38, 2091.815pt x 2092.81876pt>
File: chapters/../figures/agricultura.jpg Graphic file (type jpg)
<use chapters/../figures/agricultura.jpg>
Package pdftex.def Info: chapters/../figures/agricultura.jpg  used on input line 569.
(pdftex.def)             Requested size: 52.25055pt x 52.27562pt.
 [4 <./chapters/../figures/mapa_area.png> <./chapters/../figures/cerrado.jpg> <./chapters/../figures/eucalipto.jpg> <./chapters/../figures/mogno.jpg> <./chapters/../figures/teca.jpg> <./chapters/../figures/agricultura.jpg>] [5]
<chapters/../figures/trincheira.png, id=52, 152.7306pt x 167.6664pt>
File: chapters/../figures/trincheira.png Graphic file (type png)
<use chapters/../figures/trincheira.png>
Package pdftex.def Info: chapters/../figures/trincheira.png  used on input line 658.
(pdftex.def)             Requested size: 152.73022pt x 167.66597pt.


c:/Users/vidal/OneDrive/Documentos/13 - CLONEGIT/artigo_5_diego/artigo_5_catuxe/QUARTO-TEMPLATE/index.tex:691: LaTeX Error: Unicode character μ (U+03BC)
               not set up for use with LaTeX.

See the LaTeX manual or LaTeX Companion for explanation.
Type  H <return>  for immediate help.
 ...                                              
                                                  
l.691 ...do em 0,5 g, passado em peneira de 150 μ
                                                  m (100 mesh),
You may provide a definition with
\DeclareUnicodeCharacter 

[6 <./chapters/../figures/trincheira.png>]

c:/Users/vidal/OneDrive/Documentos/13 - CLONEGIT/artigo_5_diego/artigo_5_catuxe/QUARTO-TEMPLATE/index.tex:731: LaTeX Error: Unicode character ⁻ (U+207B)
               not set up for use with LaTeX.

See the LaTeX manual or LaTeX Companion for explanation.
Type  H <return>  for immediate help.
 ...                                              
                                                  
l.731 ...esso em microgramas por hectare (Mg ha⁻
                                                  ¹), para cada
You may provide a definition with
\DeclareUnicodeCharacter 


c:/Users/vidal/OneDrive/Documentos/13 - CLONEGIT/artigo_5_diego/artigo_5_catuxe/QUARTO-TEMPLATE/index.tex:747: LaTeX Error: Unicode character μ (U+03BC)
               not set up for use with LaTeX.

See the LaTeX manual or LaTeX Companion for explanation.
Type  H <return>  for immediate help.
 ...                                              
                                                  
l.747 ... e passadas em peneira de malha de 150 μ
                                                  m. Os teores de Nitrogênio
You may provide a definition with
\DeclareUnicodeCharacter 

[7] [8]

c:/Users/vidal/OneDrive/Documentos/13 - CLONEGIT/artigo_5_diego/artigo_5_catuxe/QUARTO-TEMPLATE/index.tex:918: LaTeX Error: Unicode character ∈ (U+2208)
               not set up for use with LaTeX.

See the LaTeX manual or LaTeX Companion for explanation.
Type  H <return>  for immediate help.
 ...                                              
                                                  
l.918 ... (x- x\_min)/(x\_max- x\_min ) ,com x ∈
                                                   {[} x\_min-
You may provide a definition with
\DeclareUnicodeCharacter 


c:/Users/vidal/OneDrive/Documentos/13 - CLONEGIT/artigo_5_diego/artigo_5_catuxe/QUARTO-TEMPLATE/index.tex:928: LaTeX Error: Unicode character ∈ (U+2208)
               not set up for use with LaTeX.

See the LaTeX manual or LaTeX Companion for explanation.
Type  H <return>  for immediate help.
 ...                                              
                                                  
l.928 ... (x\_max- x)/(x\_max- x\_min ) ,com x ∈
                                                   {[} x\_min- x\_max{]}
You may provide a definition with
\DeclareUnicodeCharacter 

[9]

c:/Users/vidal/OneDrive/Documentos/13 - CLONEGIT/artigo_5_diego/artigo_5_catuxe/QUARTO-TEMPLATE/index.tex:949: LaTeX Error: Unicode character μ (U+03BC)
               not set up for use with LaTeX.

See the LaTeX manual or LaTeX Companion for explanation.
Type  H <return>  for immediate help.
 ...                                              
                                                  
l.949 μ
        baixa (x)=max⁡(min((x-a)/(b-a),(c-x)/(c-b)),0),com(a,b,c)=(0,0,4)
You may provide a definition with
\DeclareUnicodeCharacter 


c:/Users/vidal/OneDrive/Documentos/13 - CLONEGIT/artigo_5_diego/artigo_5_catuxe/QUARTO-TEMPLATE/index.tex:949: LaTeX Error: Unicode character ⁡ (U+2061)
               not set up for use with LaTeX.

See the LaTeX manual or LaTeX Companion for explanation.
Type  H <return>  for immediate help.
 ...                                              
                                                  
l.949 μbaixa (x)=max⁡
                        (min((x-a)/(b-a),(c-x)/(c-b)),0),com(a,b,c)=(0,0,4)
You may provide a definition with
\DeclareUnicodeCharacter 


c:/Users/vidal/OneDrive/Documentos/13 - CLONEGIT/artigo_5_diego/artigo_5_catuxe/QUARTO-TEMPLATE/index.tex:951: LaTeX Error: Unicode character μ (U+03BC)
               not set up for use with LaTeX.

See the LaTeX manual or LaTeX Companion for explanation.
Type  H <return>  for immediate help.
 ...                                              
                                                  
l.951 μ
        mmédia (x)=max⁡(min((x-a)/(b-a),(c-x)/(c-b)),0),com(a,b,c)=(3,5,7)
You may provide a definition with
\DeclareUnicodeCharacter 


c:/Users/vidal/OneDrive/Documentos/13 - CLONEGIT/artigo_5_diego/artigo_5_catuxe/QUARTO-TEMPLATE/index.tex:951: LaTeX Error: Unicode character ⁡ (U+2061)
               not set up for use with LaTeX.

See the LaTeX manual or LaTeX Companion for explanation.
Type  H <return>  for immediate help.
 ...                                              
                                                  
l.951 μmmédia (x)=max⁡
                          (min((x-a)/(b-a),(c-x)/(c-b)),0),com(a,b,c)=(3,5,7)
You may provide a definition with
\DeclareUnicodeCharacter 


c:/Users/vidal/OneDrive/Documentos/13 - CLONEGIT/artigo_5_diego/artigo_5_catuxe/QUARTO-TEMPLATE/index.tex:953: LaTeX Error: Unicode character μ (U+03BC)
               not set up for use with LaTeX.

See the LaTeX manual or LaTeX Companion for explanation.
Type  H <return>  for immediate help.
 ...                                              
                                                  
l.953 μ
        malta (x)=max⁡(min((x-a)/(b-a),(c-x)/(c-b)),0),com(a,b,c)=(6,10,10)
You may provide a definition with
\DeclareUnicodeCharacter 


c:/Users/vidal/OneDrive/Documentos/13 - CLONEGIT/artigo_5_diego/artigo_5_catuxe/QUARTO-TEMPLATE/index.tex:953: LaTeX Error: Unicode character ⁡ (U+2061)
               not set up for use with LaTeX.

See the LaTeX manual or LaTeX Companion for explanation.
Type  H <return>  for immediate help.
 ...                                              
                                                  
l.953 μmalta (x)=max⁡
                        (min((x-a)/(b-a),(c-x)/(c-b)),0),com(a,b,c)=(6,10,10)
You may provide a definition with
\DeclareUnicodeCharacter 


c:/Users/vidal/OneDrive/Documentos/13 - CLONEGIT/artigo_5_diego/artigo_5_catuxe/QUARTO-TEMPLATE/index.tex:966: LaTeX Error: Unicode character ∈ (U+2208)
               not set up for use with LaTeX.

See the LaTeX manual or LaTeX Companion for explanation.
Type  H <return>  for immediate help.
 ...                                              
                                                  
l.966 R\_(i ):SE x\_1 ∈
                          A\_1 ∧ x\_2 ∈ A\_2 ∧ x\_3 ∈ A\_3⇒y ∈ B\_i
You may provide a definition with
\DeclareUnicodeCharacter 


c:/Users/vidal/OneDrive/Documentos/13 - CLONEGIT/artigo_5_diego/artigo_5_catuxe/QUARTO-TEMPLATE/index.tex:966: LaTeX Error: Unicode character ∧ (U+2227)
               not set up for use with LaTeX.

See the LaTeX manual or LaTeX Companion for explanation.
Type  H <return>  for immediate help.
 ...                                              
                                                  
l.966 R\_(i ):SE x\_1 ∈ A\_1 ∧
                                   x\_2 ∈ A\_2 ∧ x\_3 ∈ A\_3⇒y ∈ B\_i
You may provide a definition with
\DeclareUnicodeCharacter 


c:/Users/vidal/OneDrive/Documentos/13 - CLONEGIT/artigo_5_diego/artigo_5_catuxe/QUARTO-TEMPLATE/index.tex:966: LaTeX Error: Unicode character ∈ (U+2208)
               not set up for use with LaTeX.

See the LaTeX manual or LaTeX Companion for explanation.
Type  H <return>  for immediate help.
 ...                                              
                                                  
l.966 R\_(i ):SE x\_1 ∈ A\_1 ∧ x\_2 ∈
                                            A\_2 ∧ x\_3 ∈ A\_3⇒y ∈ B\_i
You may provide a definition with
\DeclareUnicodeCharacter 


c:/Users/vidal/OneDrive/Documentos/13 - CLONEGIT/artigo_5_diego/artigo_5_catuxe/QUARTO-TEMPLATE/index.tex:966: LaTeX Error: Unicode character ∧ (U+2227)
               not set up for use with LaTeX.

See the LaTeX manual or LaTeX Companion for explanation.
Type  H <return>  for immediate help.
 ...                                              
                                                  
l.966 ... ):SE x\_1 ∈ A\_1 ∧ x\_2 ∈ A\_2 ∧
                                                   x\_3 ∈ A\_3⇒y ∈ B\_i
You may provide a definition with
\DeclareUnicodeCharacter 


c:/Users/vidal/OneDrive/Documentos/13 - CLONEGIT/artigo_5_diego/artigo_5_catuxe/QUARTO-TEMPLATE/index.tex:966: LaTeX Error: Unicode character ∈ (U+2208)
               not set up for use with LaTeX.

See the LaTeX manual or LaTeX Companion for explanation.
Type  H <return>  for immediate help.
 ...                                              
                                                  
l.966 ...1 ∈ A\_1 ∧ x\_2 ∈ A\_2 ∧ x\_3 ∈
                                                   A\_3⇒y ∈ B\_i
You may provide a definition with
\DeclareUnicodeCharacter 


c:/Users/vidal/OneDrive/Documentos/13 - CLONEGIT/artigo_5_diego/artigo_5_catuxe/QUARTO-TEMPLATE/index.tex:966: LaTeX Error: Unicode character ⇒ (U+21D2)
               not set up for use with LaTeX.

See the LaTeX manual or LaTeX Companion for explanation.
Type  H <return>  for immediate help.
 ...                                              
                                                  
l.966 ..._1 ∧ x\_2 ∈ A\_2 ∧ x\_3 ∈ A\_3⇒
                                                  y ∈ B\_i
You may provide a definition with
\DeclareUnicodeCharacter 


c:/Users/vidal/OneDrive/Documentos/13 - CLONEGIT/artigo_5_diego/artigo_5_catuxe/QUARTO-TEMPLATE/index.tex:966: LaTeX Error: Unicode character ∈ (U+2208)
               not set up for use with LaTeX.

See the LaTeX manual or LaTeX Companion for explanation.
Type  H <return>  for immediate help.
 ...                                              
                                                  
l.966 ... x\_2 ∈ A\_2 ∧ x\_3 ∈ A\_3⇒y ∈
                                                   B\_i
You may provide a definition with
\DeclareUnicodeCharacter 

LaTeX Font Info:    External font `lmex10' loaded for size
(Font)              <10> on input line 970.
LaTeX Font Info:    External font `lmex10' loaded for size
(Font)              <7> on input line 970.
LaTeX Font Info:    External font `lmex10' loaded for size
(Font)              <5> on input line 970.

c:/Users/vidal/OneDrive/Documentos/13 - CLONEGIT/artigo_5_diego/artigo_5_catuxe/QUARTO-TEMPLATE/index.tex:972: LaTeX Error: Unicode character μ (U+03BC)
               not set up for use with LaTeX.

See the LaTeX manual or LaTeX Companion for explanation.
Type  H <return>  for immediate help.
 ...                                              
                                                  
l.972 O valor de saída correspondente μ
                                         \_Bi (z) foi ponderado por αi e os
You may provide a definition with
\DeclareUnicodeCharacter 


c:/Users/vidal/OneDrive/Documentos/13 - CLONEGIT/artigo_5_diego/artigo_5_catuxe/QUARTO-TEMPLATE/index.tex:972: LaTeX Error: Unicode character α (U+03B1)
               not set up for use with LaTeX.

See the LaTeX manual or LaTeX Companion for explanation.
Type  H <return>  for immediate help.
 ...                                              
                                                  
l.972 ...spondente μ\_Bi (z) foi ponderado por α
                                                  i e os
You may provide a definition with
\DeclareUnicodeCharacter 


c:/Users/vidal/OneDrive/Documentos/13 - CLONEGIT/artigo_5_diego/artigo_5_catuxe/QUARTO-TEMPLATE/index.tex:988: LaTeX Error: Unicode character ∫ (U+222B)
               not set up for use with LaTeX.

See the LaTeX manual or LaTeX Companion for explanation.
Type  H <return>  for immediate help.
 ...                                              
                                                  
l.988 (∫
          \_0\^{}10〖μFSNSI (z)*zdz〗)/(∫\_0\^{}10〖μFSNSI (z)*dz〗)
You may provide a definition with
\DeclareUnicodeCharacter 


c:/Users/vidal/OneDrive/Documentos/13 - CLONEGIT/artigo_5_diego/artigo_5_catuxe/QUARTO-TEMPLATE/index.tex:988: LaTeX Error: Unicode character 〖 (U+3016)
               not set up for use with LaTeX.

See the LaTeX manual or LaTeX Companion for explanation.
Type  H <return>  for immediate help.
 ...                                              
                                                  
l.988 (∫\_0\^{}10〖
                      μFSNSI (z)*zdz〗)/(∫\_0\^{}10〖μFSNSI (z)*dz〗)
You may provide a definition with
\DeclareUnicodeCharacter 


c:/Users/vidal/OneDrive/Documentos/13 - CLONEGIT/artigo_5_diego/artigo_5_catuxe/QUARTO-TEMPLATE/index.tex:988: LaTeX Error: Unicode character μ (U+03BC)
               not set up for use with LaTeX.

See the LaTeX manual or LaTeX Companion for explanation.
Type  H <return>  for immediate help.
 ...                                              
                                                  
l.988 (∫\_0\^{}10〖μ
                        FSNSI (z)*zdz〗)/(∫\_0\^{}10〖μFSNSI (z)*dz〗)
You may provide a definition with
\DeclareUnicodeCharacter 


c:/Users/vidal/OneDrive/Documentos/13 - CLONEGIT/artigo_5_diego/artigo_5_catuxe/QUARTO-TEMPLATE/index.tex:988: LaTeX Error: Unicode character 〗 (U+3017)
               not set up for use with LaTeX.

See the LaTeX manual or LaTeX Companion for explanation.
Type  H <return>  for immediate help.
 ...                                              
                                                  
l.988 (∫\_0\^{}10〖μFSNSI (z)*zdz〗
                                        )/(∫\_0\^{}10〖μFSNSI (z)*dz〗)
You may provide a definition with
\DeclareUnicodeCharacter 


c:/Users/vidal/OneDrive/Documentos/13 - CLONEGIT/artigo_5_diego/artigo_5_catuxe/QUARTO-TEMPLATE/index.tex:988: LaTeX Error: Unicode character ∫ (U+222B)
               not set up for use with LaTeX.

See the LaTeX manual or LaTeX Companion for explanation.
Type  H <return>  for immediate help.
 ...                                              
                                                  
l.988 (∫\_0\^{}10〖μFSNSI (z)*zdz〗)/(∫
                                              \_0\^{}10〖μFSNSI (z)*dz〗)
You may provide a definition with
\DeclareUnicodeCharacter 


c:/Users/vidal/OneDrive/Documentos/13 - CLONEGIT/artigo_5_diego/artigo_5_catuxe/QUARTO-TEMPLATE/index.tex:988: LaTeX Error: Unicode character 〖 (U+3016)
               not set up for use with LaTeX.

See the LaTeX manual or LaTeX Companion for explanation.
Type  H <return>  for immediate help.
 ...                                              
                                                  
l.988 ...10〖μFSNSI (z)*zdz〗)/(∫\_0\^{}10〖
                                                  μFSNSI (z)*dz〗)
You may provide a definition with
\DeclareUnicodeCharacter 


c:/Users/vidal/OneDrive/Documentos/13 - CLONEGIT/artigo_5_diego/artigo_5_catuxe/QUARTO-TEMPLATE/index.tex:988: LaTeX Error: Unicode character μ (U+03BC)
               not set up for use with LaTeX.

See the LaTeX manual or LaTeX Companion for explanation.
Type  H <return>  for immediate help.
 ...                                              
                                                  
l.988 ...〖μFSNSI (z)*zdz〗)/(∫\_0\^{}10〖μ
                                                  FSNSI (z)*dz〗)
You may provide a definition with
\DeclareUnicodeCharacter 


c:/Users/vidal/OneDrive/Documentos/13 - CLONEGIT/artigo_5_diego/artigo_5_catuxe/QUARTO-TEMPLATE/index.tex:988: LaTeX Error: Unicode character 〗 (U+3017)
               not set up for use with LaTeX.

See the LaTeX manual or LaTeX Companion for explanation.
Type  H <return>  for immediate help.
 ...                                              
                                                  
l.988 ...zdz〗)/(∫\_0\^{}10〖μFSNSI (z)*dz〗
                                                  )
You may provide a definition with
\DeclareUnicodeCharacter 


c:/Users/vidal/OneDrive/Documentos/13 - CLONEGIT/artigo_5_diego/artigo_5_catuxe/QUARTO-TEMPLATE/index.tex:990: LaTeX Error: Unicode character μ (U+03BC)
               not set up for use with LaTeX.

See the LaTeX manual or LaTeX Companion for explanation.
Type  H <return>  for immediate help.
 ...                                              
                                                  
l.990 Em que μ
               FSNSI(z) representa a função de pertinência agregada resul...
You may provide a definition with
\DeclareUnicodeCharacter 

c:/Users/vidal/OneDrive/Documentos/13 - CLONEGIT/artigo_5_diego/artigo_5_catuxe/QUARTO-TEMPLATE/index.tex:1000: Undefined control sequence.
l.1000 \chapter
               {Importância das frações de N e P para predição dos esto...
The control sequence at the end of the top line
of your error message was never \def'ed. If you have
misspelled it (e.g., `\hobx'), type `I' and the correct
spelling (e.g., `I\hbox'). Otherwise just continue,
and I'll forget about whatever was undefined.

[10{C:/Users/vidal/AppData/Local/Programs/MiKTeX/fonts/enc/dvips/lm/lm-mathit.enc}{C:/Users/vidal/AppData/Local/Programs/MiKTeX/fonts/enc/dvips/lm/lm-rm.enc}]
<chapters/../figures/biplot_plsr_pt.png, id=96, 722.7pt x 578.16pt>
File: chapters/../figures/biplot_plsr_pt.png Graphic file (type png)
<use chapters/../figures/biplot_plsr_pt.png>
Package pdftex.def Info: chapters/../figures/biplot_plsr_pt.png  used on input line 1098.
(pdftex.def)             Requested size: 424.8234pt x 339.85872pt.

Underfull \hbox (badness 10000) in paragraph at lines 1098--1101
[][] \T1/lmr/m/n/10 (+20) Nota:
 []

[11]

Package longtable Warning: Column widths have changed
(longtable)                in table 2 on input line 1140.

[12 <./chapters/../figures/biplot_plsr_pt.png>]
<chapters/../figures/analise_caminhos_pls.png, id=108, 1503.6175pt x 1275.76625pt>
File: chapters/../figures/analise_caminhos_pls.png Graphic file (type png)
<use chapters/../figures/analise_caminhos_pls.png>
Package pdftex.def Info: chapters/../figures/analise_caminhos_pls.png  used on input line 1182.
(pdftex.def)             Requested size: 448.4273pt x 380.4747pt.

Underfull \hbox (badness 10000) in paragraph at lines 1182--1189
[][]
 []

[13] [14 <./chapters/../figures/analise_caminhos_pls.png>]

Package longtable Warning: Column widths have changed
(longtable)                in table 3 on input line 1239.

[15]
<chapters/../figures/comparacao_coeficientes.png, id=126, 867.24pt x 578.16pt>
File: chapters/../figures/comparacao_coeficientes.png Graphic file (type png)
<use chapters/../figures/comparacao_coeficientes.png>
Package pdftex.def Info: chapters/../figures/comparacao_coeficientes.png  used on input line 1373.
(pdftex.def)             Requested size: 448.42667pt x 298.9511pt.
 [16] [17 <./chapters/../figures/comparacao_coeficientes.png>]
<chapters/../figures/funcoes_pertinencia_entrada.png, id=138, 578.16pt x 722.7pt>
File: chapters/../figures/funcoes_pertinencia_entrada.png Graphic file (type png)
<use chapters/../figures/funcoes_pertinencia_entrada.png>
Package pdftex.def Info: chapters/../figures/funcoes_pertinencia_entrada.png  used on input line 1505.
(pdftex.def)             Requested size: 424.8234pt x 531.02925pt.
<chapters/../figures/funcao_pertinencia_saida.png, id=139, 578.16pt x 361.35pt>
File: chapters/../figures/funcao_pertinencia_saida.png Graphic file (type png)
<use chapters/../figures/funcao_pertinencia_saida.png>
Package pdftex.def Info: chapters/../figures/funcao_pertinencia_saida.png  used on input line 1533.
(pdftex.def)             Requested size: 377.6257pt x 236.01607pt.
 [18] [19 <./chapters/../figures/funcoes_pertinencia_entrada.png>]
<chapters/../figures/boxplot_fsnsi_uso_terra.png, id=154, 578.16pt x 433.62pt>
File: chapters/../figures/boxplot_fsnsi_uso_terra.png Graphic file (type png)
<use chapters/../figures/boxplot_fsnsi_uso_terra.png>
Package pdftex.def Info: chapters/../figures/boxplot_fsnsi_uso_terra.png  used on input line 1557.
(pdftex.def)             Requested size: 424.8234pt x 318.61755pt.

Overfull \hbox (1.03658pt too wide) in paragraph at lines 1627--1628
 []\T1/lmr/m/n/10 (-20) DP
 []


Overfull \hbox (2.18558pt too wide) in paragraph at lines 1633--1634
 []\T1/lmr/m/n/10 (-20) Mn.
 []


Overfull \hbox (13.12994pt too wide) in paragraph at lines 1637--1638
 []\T1/lmr/m/n/10 (-20) Mediana
 []


Overfull \hbox (4.09142pt too wide) in paragraph at lines 1641--1642
 []\T1/lmr/m/n/10 (-20) Mx.
 []


Overfull \hbox (4.23006pt too wide) in paragraph at lines 1651--1651
[]|\T1/lmr/m/n/10 (-20) Eucalipto|  
 []


Overfull \hbox (1.92656pt too wide) in paragraph at lines 1651--1651
 []|\T1/lmr/m/n/10 (-20) 40|
 []


Overfull \hbox (4.30315pt too wide) in paragraph at lines 1651--1651
 []|\T1/lmr/m/n/10 (-20) 2.78|
 []


Overfull \hbox (4.30315pt too wide) in paragraph at lines 1651--1651
 []|\T1/lmr/m/n/10 (-20) 0.44|
 []


Overfull \hbox (1.67532pt too wide) in paragraph at lines 1651--1651
 []|\T1/lmr/m/n/10 (-20) 1.63|
 []


Overfull \hbox (4.30315pt too wide) in paragraph at lines 1651--1651
 []|\T1/lmr/m/n/10 (-20) 3.98|
 []


Overfull \hbox (4.30315pt too wide) in paragraph at lines 1651--1651
 []|\T1/lmr/m/n/10 (-20) 8.35|
 []


Overfull \hbox (1.67532pt too wide) in paragraph at lines 1652--1652
 []|\T1/lmr/m/n/10 (-20) 8.57|
 []


Overfull \hbox (1.92656pt too wide) in paragraph at lines 1653--1653
 []|\T1/lmr/m/n/10 (-20) 40|
 []


Overfull \hbox (4.30315pt too wide) in paragraph at lines 1653--1653
 []|\T1/lmr/m/n/10 (-20) 2.89|
 []


Overfull \hbox (4.30315pt too wide) in paragraph at lines 1653--1653
 []|\T1/lmr/m/n/10 (-20) 0.46|
 []


Overfull \hbox (1.67532pt too wide) in paragraph at lines 1653--1653
 []|\T1/lmr/m/n/10 (-20) 1.50|
 []


Overfull \hbox (4.30315pt too wide) in paragraph at lines 1653--1653
 []|\T1/lmr/m/n/10 (-20) 1.61|
 []


Overfull \hbox (4.30315pt too wide) in paragraph at lines 1654--1654
 []|\T1/lmr/m/n/10 (-20) 8.30|
 []


Overfull \hbox (1.67532pt too wide) in paragraph at lines 1654--1654
 []|\T1/lmr/m/n/10 (-20) 8.66|
 []


Overfull \hbox (1.92656pt too wide) in paragraph at lines 1655--1655
 []|\T1/lmr/m/n/10 (-20) 40|
 []


Overfull \hbox (4.30315pt too wide) in paragraph at lines 1655--1655
 []|\T1/lmr/m/n/10 (-20) 2.89|
 []


Overfull \hbox (4.30315pt too wide) in paragraph at lines 1655--1655
 []|\T1/lmr/m/n/10 (-20) 0.46|
 []


Overfull \hbox (1.67532pt too wide) in paragraph at lines 1655--1655
 []|\T1/lmr/m/n/10 (-20) 1.56|
 []


Overfull \hbox (4.30315pt too wide) in paragraph at lines 1655--1655
 []|\T1/lmr/m/n/10 (-20) 1.62|
 []


Overfull \hbox (4.30315pt too wide) in paragraph at lines 1655--1655
 []|\T1/lmr/m/n/10 (-20) 6.88|
 []


Overfull \hbox (1.67532pt too wide) in paragraph at lines 1656--1656
 []|\T1/lmr/m/n/10 (-20) 8.57|
 []


Overfull \hbox (12.58734pt too wide) in paragraph at lines 1657--1657
[]|\T1/lmr/m/n/10 (-20) Agricultura|  
 []


Overfull \hbox (1.92656pt too wide) in paragraph at lines 1657--1657
 []|\T1/lmr/m/n/10 (-20) 40|
 []


Overfull \hbox (4.30315pt too wide) in paragraph at lines 1657--1657
 []|\T1/lmr/m/n/10 (-20) 2.57|
 []


Overfull \hbox (4.30315pt too wide) in paragraph at lines 1657--1657
 []|\T1/lmr/m/n/10 (-20) 0.41|
 []


Overfull \hbox (1.67532pt too wide) in paragraph at lines 1657--1657
 []|\T1/lmr/m/n/10 (-20) 1.31|
 []


Overfull \hbox (4.30315pt too wide) in paragraph at lines 1657--1657
 []|\T1/lmr/m/n/10 (-20) 1.66|
 []


Overfull \hbox (4.30315pt too wide) in paragraph at lines 1657--1658
 []|\T1/lmr/m/n/10 (-20) 5.21|
 []


Overfull \hbox (1.67532pt too wide) in paragraph at lines 1658--1658
 []|\T1/lmr/m/n/10 (-20) 8.21|
 []


Overfull \hbox (1.92656pt too wide) in paragraph at lines 1659--1659
 []|\T1/lmr/m/n/10 (-20) 40|
 []


Overfull \hbox (4.30315pt too wide) in paragraph at lines 1659--1659
 []|\T1/lmr/m/n/10 (-20) 1.16|
 []


Overfull \hbox (4.30315pt too wide) in paragraph at lines 1659--1659
 []|\T1/lmr/m/n/10 (-20) 0.18|
 []


Overfull \hbox (1.67532pt too wide) in paragraph at lines 1659--1659
 []|\T1/lmr/m/n/10 (-20) 1.42|
 []


Overfull \hbox (4.30315pt too wide) in paragraph at lines 1659--1659
 []|\T1/lmr/m/n/10 (-20) 1.71|
 []


Overfull \hbox (4.30315pt too wide) in paragraph at lines 1659--1659
 []|\T1/lmr/m/n/10 (-20) 3.80|
 []


Overfull \hbox (1.67532pt too wide) in paragraph at lines 1659--1660
 []|\T1/lmr/m/n/10 (-20) 4.55|
 []

[20 <./chapters/../figures/funcao_pertinencia_saida.png>] [21 <./chapters/../figures/boxplot_fsnsi_uso_terra.png>]
<chapters/../figures/fsnsi_profundidade_uso_terra.png, id=167, 722.7pt x 578.16pt>
File: chapters/../figures/fsnsi_profundidade_uso_terra.png Graphic file (type png)
<use chapters/../figures/fsnsi_profundidade_uso_terra.png>
Package pdftex.def Info: chapters/../figures/fsnsi_profundidade_uso_terra.png  used on input line 1709.
(pdftex.def)             Requested size: 448.43327pt x 358.74661pt.
 [22] [23 <./chapters/../figures/fsnsi_profundidade_uso_terra.png>] [24] [25] [26]
c:/Users/vidal/OneDrive/Documentos/13 - CLONEGIT/artigo_5_diego/artigo_5_catuxe/QUARTO-TEMPLATE/index.tex:2023: Undefined control sequence.
l.2023 \chapter
               {}\label{section}
The control sequence at the end of the top line
of your error message was never \def'ed. If you have
misspelled it (e.g., `\hobx'), type `I' and the correct
spelling (e.g., `I\hbox'). Otherwise just continue,
and I'll forget about whatever was undefined.

c:/Users/vidal/OneDrive/Documentos/13 - CLONEGIT/artigo_5_diego/artigo_5_catuxe/QUARTO-TEMPLATE/index.tex:2061: Undefined control sequence.
l.2061 \chapter
               *{Referências}\label{referuxeancias}
The control sequence at the end of the top line
of your error message was never \def'ed. If you have
misspelled it (e.g., `\hobx'), type `I' and the correct
spelling (e.g., `I\hbox'). Otherwise just continue,
and I'll forget about whatever was undefined.

[27] [28] [29]

Package longtable Warning: Table widths have changed. Rerun LaTeX.

[30] (index.aux)
 ***********
LaTeX2e <2023-11-01> patch level 1
L3 programming layer <2024-01-04>
 ***********


LaTeX Warning: Label(s) may have changed. Rerun to get cross-references right.

 ) 
Here is how much of TeX's memory you used:
 16908 strings out of 474486
 277957 string characters out of 5743755
 1953542 words of memory out of 5000000
 38611 multiletter control sequences out of 15000+600000
 618142 words of font info for 179 fonts, out of 8000000 for 9000
 1141 hyphenation exceptions out of 8191
 77i,9n,81p,1134b,582s stack positions out of 10000i,1000n,20000p,200000b,200000s
<C:/Users/vidal/AppData/Local/Programs/MiKTeX/fonts/type1/public/lm/lmbx10.pfb><C:/Users/vidal/AppData/Local/Programs/MiKTeX/fonts/type1/public/lm/lmbx12.pfb><C:/Users/vidal/AppData/Local/Programs/MiKTeX/fonts/type1/public/lm/lmmi10.pfb><C:/Users/vidal/AppData/Local/Programs/MiKTeX/fonts/type1/public/lm/lmmi7.pfb><C:/Users/vidal/AppData/Local/Programs/MiKTeX/fonts/type1/public/lm/lmr10.pfb><C:/Users/vidal/AppData/Local/Programs/MiKTeX/fonts/type1/public/lm/lmr12.pfb><C:/Users/vidal/AppData/Local/Programs/MiKTeX/fonts/type1/public/lm/lmr17.pfb><C:/Users/vidal/AppData/Local/Programs/MiKTeX/fonts/type1/public/lm/lmr7.pfb><C:/Users/vidal/AppData/Local/Programs/MiKTeX/fonts/type1/public/lm/lmri10.pfb><C:/Users/vidal/AppData/Local/Programs/MiKTeX/fonts/type1/public/lm/lmtt10.pfb>
Output written on index.pdf (30 pages, 8880424 bytes).
PDF statistics:
 448 PDF objects out of 1000 (max. 8388607)
 121 named destinations out of 1000 (max. 500000)
 31007 words of extra memory for PDF output out of 35830 (max. 10000000)

